[12-Dec-2024 01:36:55 Europe/Berlin] Attempting to send email to: arlouanievas10@gmail.com
[12-Dec-2024 01:37:01 Europe/Berlin] Email sent successfully to: arlouanievas10@gmail.com
[12-Dec-2024 01:38:46 Europe/Berlin] Attempting to send email to: hansliwanag2@gmail.com
[12-Dec-2024 01:38:56 Europe/Berlin] Email sent successfully to: hansliwanag2@gmail.com
[12-Dec-2024 01:39:56 Europe/Berlin] Attempting to send email to: arlouanievas10@gmail.com
[12-Dec-2024 01:40:01 Europe/Berlin] Email sent successfully to: arlouanievas10@gmail.com
[12-Dec-2024 01:43:15 Europe/Berlin] Attempting to send email to: arlouanievas10@gmail.com
[12-Dec-2024 01:43:20 Europe/Berlin] Email sent successfully to: arlouanievas10@gmail.com
[12-Dec-2024 01:45:47 Europe/Berlin] Attempting to send email to: arlouanievas10@gmail.com
[12-Dec-2024 01:45:53 Europe/Berlin] Email sent successfully to: arlouanievas10@gmail.com
[12-Dec-2024 01:46:12 Europe/Berlin] Attempting to send email to: arlouanievas10@gmail.com
[12-Dec-2024 01:46:17 Europe/Berlin] Email sent successfully to: arlouanievas10@gmail.com
[12-Dec-2024 01:48:20 Europe/Berlin] Attempting to send email to: arlouanievas10@gmail.com
[12-Dec-2024 01:48:26 Europe/Berlin] Email sent successfully to: arlouanievas10@gmail.com
[12-Dec-2024 01:49:55 Europe/Berlin] Attempting to send email to: arlouanievas10@gmail.com
[12-Dec-2024 01:50:00 Europe/Berlin] Email sent successfully to: arlouanievas10@gmail.com
[12-Dec-2024 02:00:51 Europe/Berlin] Attempting to send email to: arlouanievas10@gmail.com
[12-Dec-2024 02:00:56 Europe/Berlin] Email sent successfully to: arlouanievas10@gmail.com
[12-Dec-2024 02:03:51 Europe/Berlin] Attempting to send email to: arlouanievas10@gmail.com
[12-Dec-2024 02:04:02 Europe/Berlin] Email sent successfully to: arlouanievas10@gmail.com
[12-Dec-2024 02:04:52 Europe/Berlin] Attempting to send email to: arlouanievas10@gmail.com
[12-Dec-2024 02:04:57 Europe/Berlin] Email sent successfully to: arlouanievas10@gmail.com
[12-Dec-2024 02:06:57 Europe/Berlin] Attempting to send email to: arlouanievas10@gmail.com
[12-Dec-2024 02:07:02 Europe/Berlin] Email sent successfully to: arlouanievas10@gmail.com
[12-Dec-2024 02:07:52 Europe/Berlin] Attempting to send email to: arlouanievas10@gmail.com
[12-Dec-2024 02:07:57 Europe/Berlin] Email sent successfully to: arlouanievas10@gmail.com
[12-Dec-2024 02:11:08 Europe/Berlin] Attempting to send email to: arlouanievas10@gmail.com
[12-Dec-2024 02:11:14 Europe/Berlin] Email sent successfully to: arlouanievas10@gmail.com
[12-Dec-2024 09:14:21 Asia/Manila] Generated token: c34f237d201c6279c9c8c40d82391c7e40d065d29792e4f3f8cd54c4e322b76f
[12-Dec-2024 09:14:21 Asia/Manila] Expiry time set to: 2024-12-12 10:14:21
[12-Dec-2024 09:14:21 Asia/Manila] Attempting to send email to: arlouanievas10@gmail.com
[12-Dec-2024 09:14:27 Asia/Manila] Email sent successfully to: arlouanievas10@gmail.com
